# JRE version: Java(TM) SE Runtime Environment (17.0.3.1+2) (build 17.0.3.1+2-LTS-6)
# Java VM: Java HotSpot(TM) 64-Bit Server VM (17.0.3.1+2-LTS-6, mixed mode, sharing, tiered, compressed oops, compressed class ptrs, g1 gc, windows-amd64)
GC Precious Log:
 CPUs: 8 total, 8 available
 Memory: 7969M
 Large Page Support: Disabled
 NUMA Support: Disabled
 Compressed Oops: Enabled (32-bit)
 Heap Region Size: 1M
 Heap Min Capacity: 8M
 Heap Initial Capacity: 126M
 Heap Max Capacity: 1994M
 Pre-touch: Disabled
 Parallel Workers: 8
 Concurrent Workers: 2
 Concurrent Refinement Workers: 8
 Periodic GC: Disabled
Heap:
 garbage-first heap   total 106496K, used 33181K [0x0000000083600000, 0x0000000100000000)
  region size 1024K, 11 young (11264K), 8 survivors (8192K)
 Metaspace       used 26709K, committed 27008K, reserved 1073152K
  class space    used 3784K, committed 3904K, reserved 1048576K
GC Heap History (8 events):
Event: 1.714 GC heap before
{Heap before GC invocations=0 (full 0):
 garbage-first heap   total 129024K, used 26624K [0x0000000083600000, 0x0000000100000000)
  region size 1024K, 23 young (23552K), 0 survivors (0K)
 Metaspace       used 5422K, committed 5568K, reserved 1056768K
  class space    used 743K, committed 832K, reserved 1048576K
}
Event: 1.723 GC heap after
{Heap after GC invocations=1 (full 0):
 garbage-first heap   total 129024K, used 7254K [0x0000000083600000, 0x0000000100000000)
  region size 1024K, 3 young (3072K), 3 survivors (3072K)
 Metaspace       used 5422K, committed 5568K, reserved 1056768K
  class space    used 743K, committed 832K, reserved 1048576K
}
Event: 4.554 GC heap before
{Heap before GC invocations=1 (full 0):
 garbage-first heap   total 129024K, used 50262K [0x0000000083600000, 0x0000000100000000)
  region size 1024K, 36 young (36864K), 3 survivors (3072K)
 Metaspace       used 14124K, committed 14336K, reserved 1064960K
  class space    used 2266K, committed 2368K, reserved 1048576K
}
Event: 4.564 GC heap after
{Heap after GC invocations=2 (full 0):
 garbage-first heap   total 129024K, used 21829K [0x0000000083600000, 0x0000000100000000)
  region size 1024K, 5 young (5120K), 5 survivors (5120K)
 Metaspace       used 14124K, committed 14336K, reserved 1064960K
  class space    used 2266K, committed 2368K, reserved 1048576K
}
Event: 5.353 GC heap before
{Heap before GC invocations=2 (full 0):
 garbage-first heap   total 129024K, used 41285K [0x0000000083600000, 0x0000000100000000)
  region size 1024K, 26 young (26624K), 5 survivors (5120K)
 Metaspace       used 21300K, committed 21504K, reserved 1073152K
  class space    used 3248K, committed 3328K, reserved 1048576K
}
Event: 5.361 GC heap after
{Heap after GC invocations=3 (full 0):
 garbage-first heap   total 129024K, used 25847K [0x0000000083600000, 0x0000000100000000)
  region size 1024K, 4 young (4096K), 4 survivors (4096K)
 Metaspace       used 21300K, committed 21504K, reserved 1073152K
  class space    used 3248K, committed 3328K, reserved 1048576K
}
Event: 33.729 GC heap before
{Heap before GC invocations=4 (full 0):
 garbage-first heap   total 106496K, used 88311K [0x0000000083600000, 0x0000000100000000)
  region size 1024K, 60 young (61440K), 4 survivors (4096K)
 Metaspace       used 26676K, committed 26944K, reserved 1073152K
  class space    used 3784K, committed 3904K, reserved 1048576K
}
Event: 33.739 GC heap after
{Heap after GC invocations=5 (full 0):
 garbage-first heap   total 106496K, used 31133K [0x0000000083600000, 0x0000000100000000)
  region size 1024K, 8 young (8192K), 8 survivors (8192K)
 Metaspace       used 26676K, committed 26944K, reserved 1073152K
  class space    used 3784K, committed 3904K, reserved 1048576K
}

